Building DAG of jobs...
Using shell: /usr/bin/bash
Provided cores: 1 (use --cores to define parallelism)
Rules claiming more threads will be scaled down.
Job stats:
job         count    min threads    max threads
--------  -------  -------------  -------------
All             1              1              1
GetComet        1              1              1
total           2              1              1

Select jobs to execute...

[Tue May 16 12:58:42 2023]
rule GetComet:
    output: /home/naco3124/jaime_hypedsearch/hypedsearch/data/output/comet
    jobid: 1
    reason: Missing output files: /home/naco3124/jaime_hypedsearch/hypedsearch/data/output/comet
    resources: tmpdir=/tmp

[Tue May 16 12:58:42 2023]
Error in rule GetComet:
    jobid: 1
    output: /home/naco3124/jaime_hypedsearch/hypedsearch/data/output/comet
    shell:
        
        wget -0 /home/naco3124/jaime_hypedsearch/hypedsearch/data/output/comet https://github.com/UWPR/Comet/releases/download/v2023.01.2/comet.linux.exe
        chmod +x /home/naco3124/jaime_hypedsearch/hypedsearch/data/output/comet
        
        (one of the commands exited with non-zero exit code; note that snakemake uses bash strict mode!)

Shutting down, this might take some time.
Exiting because a job execution failed. Look above for error message
Complete log: .snakemake/log/2023-05-16T125841.655765.snakemake.log
