Building DAG of jobs...
Using shell: /usr/bin/bash
Provided cores: 1 (use --cores to define parallelism)
Rules claiming more threads will be scaled down.
Job stats:
job         count    min threads    max threads
--------  -------  -------------  -------------
All             1              1              1
GetComet        1              1              1
total           2              1              1

Select jobs to execute...

[Tue May 16 12:59:04 2023]
rule GetComet:
    output: /home/naco3124/jaime_hypedsearch/hypedsearch/data/output/comet
    jobid: 1
    reason: Missing output files: /home/naco3124/jaime_hypedsearch/hypedsearch/data/output/comet
    resources: tmpdir=/tmp

[Tue May 16 12:59:04 2023]
Finished job 1.
1 of 2 steps (50%) done
Select jobs to execute...

[Tue May 16 12:59:04 2023]
localrule All:
    input: /home/naco3124/jaime_hypedsearch/hypedsearch/data/output/comet
    jobid: 0
    reason: Input files updated by another job: /home/naco3124/jaime_hypedsearch/hypedsearch/data/output/comet
    resources: tmpdir=/tmp

[Tue May 16 12:59:04 2023]
Finished job 0.
2 of 2 steps (100%) done
Complete log: .snakemake/log/2023-05-16T125903.751075.snakemake.log
