Building DAG of jobs...
Using shell: /usr/bin/bash
Provided cores: 1 (use --cores to define parallelism)
Rules claiming more threads will be scaled down.
Job stats:
job         count    min threads    max threads
--------  -------  -------------  -------------
All             1              1              1
RunComet        1              1              1
total           2              1              1

Select jobs to execute...

[Tue May 16 14:42:49 2023]
rule RunComet:
    input: /home/naco3124/snakemake/bin_directory/comet, /home/naco3124/snakemake/spectra/BMEM_AspN_Fxn6.mzML, /home/naco3124/snakemake/spectra/BMEM_AspN_Fxn5.mzML, /home/naco3124/snakemake/spectra/BMEM_AspN_Fxn9.mzML, /home/naco3124/snakemake/spectra/BMEM_AspN_Fxn4.mzML, /home/naco3124/snakemake/spectra/BMEM_AspN_Fxn7.mzML, /home/naco3124/snakemake/spectra/BMEM_AspN_Fxn8.mzML, /home/naco3124/snakemake/database/UniProt_with_good_hybrids.fasta, conf/comet.params
    output: /home/naco3124/snakemake/output/comet_run_1/BMEM_AspN_Fxn6.txt, /home/naco3124/snakemake/output/comet_run_1/BMEM_AspN_Fxn5.txt, /home/naco3124/snakemake/output/comet_run_1/BMEM_AspN_Fxn9.txt, /home/naco3124/snakemake/output/comet_run_1/BMEM_AspN_Fxn4.txt, /home/naco3124/snakemake/output/comet_run_1/BMEM_AspN_Fxn7.txt, /home/naco3124/snakemake/output/comet_run_1/BMEM_AspN_Fxn8.txt
    jobid: 1
    reason: Missing output files: /home/naco3124/snakemake/output/comet_run_1/BMEM_AspN_Fxn8.txt, /home/naco3124/snakemake/output/comet_run_1/BMEM_AspN_Fxn7.txt, /home/naco3124/snakemake/output/comet_run_1/BMEM_AspN_Fxn4.txt, /home/naco3124/snakemake/output/comet_run_1/BMEM_AspN_Fxn5.txt, /home/naco3124/snakemake/output/comet_run_1/BMEM_AspN_Fxn9.txt, /home/naco3124/snakemake/output/comet_run_1/BMEM_AspN_Fxn6.txt
    resources: tmpdir=/tmp

Waiting at most 5 seconds for missing files.
MissingOutputException in rule RunComet in file /home/naco3124/snakemake/main.smk, line 34:
Job 1  completed successfully, but some output files are missing. Missing files after 5 seconds. This might be due to filesystem latency. If that is the case, consider to increase the wait time with --latency-wait:
/home/naco3124/snakemake/output/comet_run_1/BMEM_AspN_Fxn6.txt
/home/naco3124/snakemake/output/comet_run_1/BMEM_AspN_Fxn5.txt
/home/naco3124/snakemake/output/comet_run_1/BMEM_AspN_Fxn9.txt
/home/naco3124/snakemake/output/comet_run_1/BMEM_AspN_Fxn4.txt
/home/naco3124/snakemake/output/comet_run_1/BMEM_AspN_Fxn7.txt
/home/naco3124/snakemake/output/comet_run_1/BMEM_AspN_Fxn8.txt
Shutting down, this might take some time.
Exiting because a job execution failed. Look above for error message
Complete log: .snakemake/log/2023-05-16T144249.286228.snakemake.log
