Building DAG of jobs...
Using shell: /usr/bin/bash
Provided cores: 1 (use --cores to define parallelism)
Rules claiming more threads will be scaled down.
Job stats:
job         count    min threads    max threads
--------  -------  -------------  -------------
All             1              1              1
GetComet        1              1              1
RunComet        1              1              1
total           3              1              1

Select jobs to execute...

[Tue May 16 14:57:45 2023]
rule GetComet:
    output: /home/naco3124/snakemake/bin_directory/comet
    jobid: 2
    reason: Missing output files: /home/naco3124/snakemake/bin_directory/comet
    resources: tmpdir=/tmp

[Tue May 16 14:57:45 2023]
Finished job 2.
1 of 3 steps (33%) done
Select jobs to execute...

[Tue May 16 14:57:45 2023]
rule RunComet:
    input: /home/naco3124/snakemake/bin_directory/comet, /home/naco3124/snakemake/spectra/BMEM_AspN_Fxn6.mzML, /home/naco3124/snakemake/database/UniProt_with_good_hybrids.fasta, conf/comet.params
    output: /home/naco3124/snakemake/output/comet_run_1/BMEM_AspN_Fxn6.txt, /home/naco3124/snakemake/output/comet_run_1/BMEM_AspN_Fxn6.pep.xml
    jobid: 1
    reason: Missing output files: /home/naco3124/snakemake/output/comet_run_1/BMEM_AspN_Fxn6.txt; Input files updated by another job: /home/naco3124/snakemake/bin_directory/comet
    resources: tmpdir=/tmp

[Tue May 16 14:58:13 2023]
Finished job 1.
2 of 3 steps (67%) done
Select jobs to execute...

[Tue May 16 14:58:13 2023]
localrule All:
    input: /home/naco3124/snakemake/output/comet_run_1/BMEM_AspN_Fxn6.txt
    jobid: 0
    reason: Input files updated by another job: /home/naco3124/snakemake/output/comet_run_1/BMEM_AspN_Fxn6.txt
    resources: tmpdir=/tmp

[Tue May 16 14:58:13 2023]
Finished job 0.
3 of 3 steps (100%) done
Complete log: .snakemake/log/2023-05-16T145744.775016.snakemake.log
